<!DOCTYPE html PUBLIC "-//W3C//DTD XHTML 1.1//EN" "http://www.w3.org/TR/xhtml11/DTD/xhtml11.dtd">
<html xmlns="http://www.w3.org/1999/xhtml"><head><title>TestNG Report</title><style type="text/css">table {margin-bottom:10px;border-collapse:collapse;empty-cells:show}th,td {border:1px solid #009;padding:.25em .5em}th {vertical-align:bottom}td {vertical-align:top}table a {font-weight:bold}.stripe td {background-color: #E6EBF9}.num {text-align:right}.passedodd td {background-color: #3F3}.passedeven td {background-color: #0A0}.skippedodd td {background-color: #DDD}.skippedeven td {background-color: #CCC}.failedodd td,.attn {background-color: #F33}.failedeven td,.stripe .attn {background-color: #D00}.stacktrace {white-space:pre;font-family:monospace}.totop {font-size:85%;text-align:center;border-bottom:2px solid #000}</style></head><body><table><tr><th>Test</th><th># Passed</th><th># Skipped</th><th># Failed</th><th>Time (ms)</th><th>Included Groups</th><th>Excluded Groups</th></tr><tr><th colspan="7">com.mycompany_TestMavin_jar_1.0-SNAPSHOT</th></tr><tr><td><a href="#t0">AdminTabFunctionality</a></td><td class="num">1</td><td class="num">0</td><td class="num attn">6</td><td class="num">48,867</td><td></td><td></td></tr></table><table><thead><tr><th>Class</th><th>Method</th><th>Start</th><th>Time (ms)</th></tr></thead><tbody><tr><th colspan="4">com.mycompany_TestMavin_jar_1.0-SNAPSHOT</th></tr></tbody><tbody id="t0"><tr><th colspan="4">AdminTabFunctionality &#8212; failed</th></tr><tr class="failedeven"><td rowspan="6">com.mycompany.testmavin.TestMavinIT</td><td><a href="#m0">testDeleteItem</a></td><td rowspan="1">1672266877980</td><td rowspan="1">15</td></tr><tr class="failedeven"><td><a href="#m1">testLogin</a></td><td rowspan="1">1672266834592</td><td rowspan="1">11788</td></tr><tr class="failedeven"><td><a href="#m2">testOneItemPimAdd</a></td><td rowspan="1">1672266877959</td><td rowspan="1">10</td></tr><tr class="failedeven"><td><a href="#m3">testSelectEmployeeStatusAndSearch</a></td><td rowspan="1">1672266877969</td><td rowspan="1">11</td></tr><tr class="failedeven"><td><a href="#m4">testSignOut</a></td><td rowspan="1">1672266877995</td><td rowspan="1">24</td></tr><tr class="failedeven"><td><a href="#m5">testTabs</a></td><td rowspan="1">1672266850468</td><td rowspan="1">27471</td></tr><tr><th colspan="4">AdminTabFunctionality &#8212; passed</th></tr><tr class="passedeven"><td rowspan="1">com.mycompany.testmavin.TestMavinIT</td><td><a href="#m6">testOpenDrawer</a></td><td rowspan="1">1672266846383</td><td rowspan="1">4085</td></tr></tbody></table><h2>AdminTabFunctionality</h2><h3 id="m0">com.mycompany.testmavin.TestMavinIT#testDeleteItem</h3><table class="result"><tr class="param"><th>Parameter #1</th><th>Parameter #2</th></tr><tr class="param stripe"><td>#app &gt; div.oxd-layout &gt; div.oxd-layout-container &gt; div.oxd-layout-context &gt; div &gt; div.orangehrm-paper-container &gt; div.orangehrm-container &gt; div &gt; div.oxd-table-body &gt; div:nth-child(1) &gt; div &gt; div:nth-child(9) &gt; div &gt; button:nth-child(1)</td><td>#app &gt; div.oxd-overlay.oxd-overlay--flex.oxd-overlay--flex-centered &gt; div &gt; div &gt; div &gt; div.orangehrm-modal-footer &gt; button.oxd-button.oxd-button--medium.oxd-button--label-danger.orangehrm-button-margin</td></tr><tr><th colspan="2">Exception</th></tr><tr><td colspan="2"><div class="stacktrace">org.openqa.selenium.NoSuchElementException: no such element: Unable to locate element: {&quot;method&quot;:&quot;css selector&quot;,&quot;selector&quot;:&quot;#app &gt; div.oxd-layout &gt; div.oxd-layout-container &gt; div.oxd-layout-context &gt; div &gt; div.orangehrm-paper-container &gt; div.orangehrm-container &gt; div &gt; div.oxd-table-body &gt; div:nth-child(1) &gt; div &gt; div:nth-child(9) &gt; div &gt; button:nth-child(1)&quot;}
  (Session info: chrome=108.0.5359.125)
  (Driver info: chromedriver=108.0.5359.71 (1e0e3868ee06e91ad636a874420e3ca3ae3756ac-refs/branch-heads/5359@{#1016}),platform=Windows NT 10.0.22621 x86_64) (WARNING: The server did not provide any stacktrace information)
Command duration or timeout: 15 milliseconds
For documentation on this error, please visit: http://seleniumhq.org/exceptions/no_such_element.html
Build info: version: &apos;2.44.0&apos;, revision: &apos;76d78cf323ce037c5f92db6c1bba601c2ac43ad8&apos;, time: &apos;2014-10-23 13:11:40&apos;
System info: host: &apos;DESKTOP-MM4I4GD&apos;, ip: &apos;192.168.1.17&apos;, os.name: &apos;Windows 11&apos;, os.arch: &apos;amd64&apos;, os.version: &apos;10.0&apos;, java.version: &apos;17.0.5&apos;
Driver info: org.openqa.selenium.chrome.ChromeDriver
Capabilities [{mobileEmulationEnabled=false, timeouts={implicit=0, pageLoad=300000, script=30000}, hasTouchScreen=false, platform=XP, acceptSslCerts=false, goog:chromeOptions={debuggerAddress=localhost:12342}, webauthn:extension:credBlob=true, acceptInsecureCerts=false, webStorageEnabled=true, browserName=chrome, takesScreenshot=true, javascriptEnabled=true, setWindowRect=true, webauthn:extension:largeBlob=true, unexpectedAlertBehaviour=ignore, rotatable=false, networkConnectionEnabled=false, chrome={chromedriverVersion=108.0.5359.71 (1e0e3868ee06e91ad636a874420e3ca3ae3756ac-refs/branch-heads/5359@{#1016}), userDataDir=C:\Users\Abdel\AppData\Local\Temp\scoped_dir15500_1090935282}, takesHeapSnapshot=true, pageLoadStrategy=normal, strictFileInteractability=false, databaseEnabled=false, handlesAlerts=true, version=108.0.5359.125, browserConnectionEnabled=false, proxy={}, nativeEvents=true, locationContextEnabled=true, cssSelectorsEnabled=true, webauthn:virtualAuthenticators=true}]
Session ID: 8626d0e8136d67058ae9d6379e3eb3f7
	at org.openqa.selenium.remote.ErrorHandler.createThrowable(ErrorHandler.java:204)
	at org.openqa.selenium.remote.ErrorHandler.throwIfResponseFailed(ErrorHandler.java:156)
	at org.openqa.selenium.remote.RemoteWebDriver.execute(RemoteWebDriver.java:599)
	at org.openqa.selenium.remote.RemoteWebDriver.findElement(RemoteWebDriver.java:352)
	at org.openqa.selenium.remote.RemoteWebDriver.findElementByCssSelector(RemoteWebDriver.java:441)
	at org.openqa.selenium.By$ByCssSelector.findElement(By.java:425)
	at org.openqa.selenium.remote.RemoteWebDriver.findElement(RemoteWebDriver.java:344)
	at com.mycompany.testmavin.TestMavinIT.testDeleteItem(TestMavinIT.java:152)
... Removed 29 stack frames</div></td></tr></table><p class="totop"><a href="#summary">back to summary</a></p><h3 id="m1">com.mycompany.testmavin.TestMavinIT#testLogin</h3><table class="result"><tr class="param"><th>Parameter #1</th><th>Parameter #2</th><th>Parameter #3</th><th>Parameter #4</th><th>Parameter #5</th><th>Parameter #6</th><th>Parameter #7</th><th>Parameter #8</th></tr><tr class="param stripe"><td>https://opensource-demo.orangehrmlive.com/web/index.php/auth/login</td><td>username</td><td>Admin</td><td>password</td><td>admin123</td><td>orangehrm-login-button</td><td>oxd-userdropdown-name</td><td>Soda ranti</td></tr><tr><th colspan="8">Exception</th></tr><tr><td colspan="8"><div class="stacktrace">java.lang.AssertionError: expected [Soda ranti] but found [Soda Collings]
	at com.mycompany.testmavin.TestMavinIT.testLogin(TestMavinIT.java:48)
... Removed 29 stack frames</div></td></tr></table><p class="totop"><a href="#summary">back to summary</a></p><h3 id="m2">com.mycompany.testmavin.TestMavinIT#testOneItemPimAdd</h3><table class="result"><tr class="param"><th>Parameter #1</th><th>Parameter #2</th><th>Parameter #3</th><th>Parameter #4</th><th>Parameter #5</th><th>Parameter #6</th><th>Parameter #7</th><th>Parameter #8</th><th>Parameter #9</th><th>Parameter #10</th><th>Parameter #11</th><th>Parameter #12</th><th>Parameter #13</th><th>Parameter #14</th><th>Parameter #15</th><th>Parameter #16</th><th>Parameter #17</th><th>Parameter #18</th><th>Parameter #19</th></tr><tr class="param stripe"><td>#app &gt; div.oxd-layout &gt; div.oxd-layout-navigation &gt; aside &gt; nav &gt; div.oxd-sidepanel-body &gt; ul &gt; li:nth-child(2) &gt; a</td><td>#app &gt; div.oxd-layout &gt; div.oxd-layout-container &gt; div.oxd-layout-context &gt; div &gt; div.orangehrm-paper-container &gt; div.orangehrm-header-container &gt; button</td><td>#app &gt; div.oxd-layout &gt; div.oxd-layout-container &gt; div.oxd-layout-context &gt; div &gt; div &gt; form &gt; div.orangehrm-employee-container &gt; div.orangehrm-employee-form &gt; div:nth-child(1) &gt; div.oxd-grid-1.orangehrm-full-width-grid &gt; div &gt; div &gt; div.--name-grouped-field &gt; div:nth-child(1) &gt; div:nth-child(2) &gt; input</td><td>abdelrhman</td><td>#app &gt; div.oxd-layout &gt; div.oxd-layout-container &gt; div.oxd-layout-context &gt; div &gt; div &gt; form &gt; div.orangehrm-employee-container &gt; div.orangehrm-employee-form &gt; div:nth-child(1) &gt; div.oxd-grid-1.orangehrm-full-width-grid &gt; div &gt; div &gt; div.--name-grouped-field &gt; div:nth-child(2) &gt; div:nth-child(2) &gt; input</td><td>aboMesalam</td><td>#app &gt; div.oxd-layout &gt; div.oxd-layout-container &gt; div.oxd-layout-context &gt; div &gt; div &gt; form &gt; div.orangehrm-employee-container &gt; div.orangehrm-employee-form &gt; div:nth-child(1) &gt; div.oxd-grid-1.orangehrm-full-width-grid &gt; div &gt; div &gt; div.--name-grouped-field &gt; div:nth-child(3) &gt; div:nth-child(2) &gt; input</td><td>effat</td><td>#app &gt; div.oxd-layout &gt; div.oxd-layout-container &gt; div.oxd-layout-context &gt; div &gt; div &gt; form &gt; div.orangehrm-employee-container &gt; div.orangehrm-employee-form &gt; div.oxd-form-row.user-form-header &gt; div &gt; label &gt; span</td><td>#app &gt; div.oxd-layout &gt; div.oxd-layout-container &gt; div.oxd-layout-context &gt; div &gt; div &gt; form &gt; div.orangehrm-employee-container &gt; div.orangehrm-employee-form &gt; div:nth-child(4) &gt; div &gt; div:nth-child(1) &gt; div &gt; div:nth-child(2) &gt; input</td><td>ali youssef2</td><td>#app &gt; div.oxd-layout &gt; div.oxd-layout-container &gt; div.oxd-layout-context &gt; div &gt; div &gt; form &gt; div.orangehrm-employee-container &gt; div.orangehrm-employee-form &gt; div.oxd-form-row.user-password-row &gt; div &gt; div.oxd-grid-item.oxd-grid-item--gutters.user-password-cell &gt; div &gt; div:nth-child(2) &gt; input</td><td>123456@@@Qaa&amp;*#02</td><td>#app &gt; div.oxd-layout &gt; div.oxd-layout-container &gt; div.oxd-layout-context &gt; div &gt; div &gt; form &gt; div.orangehrm-employee-container &gt; div.orangehrm-employee-form &gt; div.oxd-form-row.user-password-row &gt; div &gt; div:nth-child(2) &gt; div &gt; div:nth-child(2) &gt; input</td><td>123456@@@Qaa&amp;*#02</td><td>#app &gt; div.oxd-layout &gt; div.oxd-layout-container &gt; div.oxd-layout-context &gt; div &gt; div &gt; form &gt; div.orangehrm-employee-container &gt; div.orangehrm-employee-image &gt; div &gt; div:nth-child(2) &gt; div &gt; div &gt; img</td><td>C:\Users\Abdel\Desktop\TaskTest\Testing_Task_31\4.jpg</td><td>Open</td><td>#app &gt; div.oxd-layout &gt; div.oxd-layout-container &gt; div.oxd-layout-context &gt; div &gt; div &gt; form &gt; div.oxd-form-actions &gt; button.oxd-button.oxd-button--medium.oxd-button--secondary.orangehrm-left-space</td></tr><tr><th colspan="19">Exception</th></tr><tr><td colspan="19"><div class="stacktrace">org.openqa.selenium.NoSuchElementException: no such element: Unable to locate element: {&quot;method&quot;:&quot;css selector&quot;,&quot;selector&quot;:&quot;#app &gt; div.oxd-layout &gt; div.oxd-layout-navigation &gt; aside &gt; nav &gt; div.oxd-sidepanel-body &gt; ul &gt; li:nth-child(2) &gt; a&quot;}
  (Session info: chrome=108.0.5359.125)
  (Driver info: chromedriver=108.0.5359.71 (1e0e3868ee06e91ad636a874420e3ca3ae3756ac-refs/branch-heads/5359@{#1016}),platform=Windows NT 10.0.22621 x86_64) (WARNING: The server did not provide any stacktrace information)
Command duration or timeout: 10 milliseconds
For documentation on this error, please visit: http://seleniumhq.org/exceptions/no_such_element.html
Build info: version: &apos;2.44.0&apos;, revision: &apos;76d78cf323ce037c5f92db6c1bba601c2ac43ad8&apos;, time: &apos;2014-10-23 13:11:40&apos;
System info: host: &apos;DESKTOP-MM4I4GD&apos;, ip: &apos;192.168.1.17&apos;, os.name: &apos;Windows 11&apos;, os.arch: &apos;amd64&apos;, os.version: &apos;10.0&apos;, java.version: &apos;17.0.5&apos;
Driver info: org.openqa.selenium.chrome.ChromeDriver
Capabilities [{mobileEmulationEnabled=false, timeouts={implicit=0, pageLoad=300000, script=30000}, hasTouchScreen=false, platform=XP, acceptSslCerts=false, goog:chromeOptions={debuggerAddress=localhost:12342}, webauthn:extension:credBlob=true, acceptInsecureCerts=false, webStorageEnabled=true, browserName=chrome, takesScreenshot=true, javascriptEnabled=true, setWindowRect=true, webauthn:extension:largeBlob=true, unexpectedAlertBehaviour=ignore, rotatable=false, networkConnectionEnabled=false, chrome={chromedriverVersion=108.0.5359.71 (1e0e3868ee06e91ad636a874420e3ca3ae3756ac-refs/branch-heads/5359@{#1016}), userDataDir=C:\Users\Abdel\AppData\Local\Temp\scoped_dir15500_1090935282}, takesHeapSnapshot=true, pageLoadStrategy=normal, strictFileInteractability=false, databaseEnabled=false, handlesAlerts=true, version=108.0.5359.125, browserConnectionEnabled=false, proxy={}, nativeEvents=true, locationContextEnabled=true, cssSelectorsEnabled=true, webauthn:virtualAuthenticators=true}]
Session ID: 8626d0e8136d67058ae9d6379e3eb3f7
	at org.openqa.selenium.remote.ErrorHandler.createThrowable(ErrorHandler.java:204)
	at org.openqa.selenium.remote.ErrorHandler.throwIfResponseFailed(ErrorHandler.java:156)
	at org.openqa.selenium.remote.RemoteWebDriver.execute(RemoteWebDriver.java:599)
	at org.openqa.selenium.remote.RemoteWebDriver.findElement(RemoteWebDriver.java:352)
	at org.openqa.selenium.remote.RemoteWebDriver.findElementByCssSelector(RemoteWebDriver.java:441)
	at org.openqa.selenium.By$ByCssSelector.findElement(By.java:425)
	at org.openqa.selenium.remote.RemoteWebDriver.findElement(RemoteWebDriver.java:344)
	at com.mycompany.testmavin.TestMavinIT.testOneItemPimAdd(TestMavinIT.java:91)
... Removed 29 stack frames</div></td></tr></table><p class="totop"><a href="#summary">back to summary</a></p><h3 id="m3">com.mycompany.testmavin.TestMavinIT#testSelectEmployeeStatusAndSearch</h3><table class="result"><tr class="param"><th>Parameter #1</th><th>Parameter #2</th><th>Parameter #3</th></tr><tr class="param stripe"><td>#app &gt; div.oxd-layout &gt; div.oxd-layout-navigation &gt; aside &gt; nav &gt; div.oxd-sidepanel-body &gt; ul &gt; li:nth-child(2) &gt; a</td><td>//*[@id=&quot;app&quot;]/div[1]/div[2]/div[2]/div/div[1]/div[2]/form/div[1]/div/div[3]/div/div[2]/div/div/div[1]</td><td>#app &gt; div.oxd-layout &gt; div.oxd-layout-container &gt; div.oxd-layout-context &gt; div &gt; div.oxd-table-filter &gt; div.oxd-table-filter-area &gt; form &gt; div.oxd-form-actions &gt; button.oxd-button.oxd-button--medium.oxd-button--secondary.orangehrm-left-space</td></tr><tr><th colspan="3">Exception</th></tr><tr><td colspan="3"><div class="stacktrace">org.openqa.selenium.NoSuchElementException: no such element: Unable to locate element: {&quot;method&quot;:&quot;css selector&quot;,&quot;selector&quot;:&quot;#app &gt; div.oxd-layout &gt; div.oxd-layout-navigation &gt; aside &gt; nav &gt; div.oxd-sidepanel-body &gt; ul &gt; li:nth-child(2) &gt; a&quot;}
  (Session info: chrome=108.0.5359.125)
  (Driver info: chromedriver=108.0.5359.71 (1e0e3868ee06e91ad636a874420e3ca3ae3756ac-refs/branch-heads/5359@{#1016}),platform=Windows NT 10.0.22621 x86_64) (WARNING: The server did not provide any stacktrace information)
Command duration or timeout: 11 milliseconds
For documentation on this error, please visit: http://seleniumhq.org/exceptions/no_such_element.html
Build info: version: &apos;2.44.0&apos;, revision: &apos;76d78cf323ce037c5f92db6c1bba601c2ac43ad8&apos;, time: &apos;2014-10-23 13:11:40&apos;
System info: host: &apos;DESKTOP-MM4I4GD&apos;, ip: &apos;192.168.1.17&apos;, os.name: &apos;Windows 11&apos;, os.arch: &apos;amd64&apos;, os.version: &apos;10.0&apos;, java.version: &apos;17.0.5&apos;
Driver info: org.openqa.selenium.chrome.ChromeDriver
Capabilities [{mobileEmulationEnabled=false, timeouts={implicit=0, pageLoad=300000, script=30000}, hasTouchScreen=false, platform=XP, acceptSslCerts=false, goog:chromeOptions={debuggerAddress=localhost:12342}, webauthn:extension:credBlob=true, acceptInsecureCerts=false, webStorageEnabled=true, browserName=chrome, takesScreenshot=true, javascriptEnabled=true, setWindowRect=true, webauthn:extension:largeBlob=true, unexpectedAlertBehaviour=ignore, rotatable=false, networkConnectionEnabled=false, chrome={chromedriverVersion=108.0.5359.71 (1e0e3868ee06e91ad636a874420e3ca3ae3756ac-refs/branch-heads/5359@{#1016}), userDataDir=C:\Users\Abdel\AppData\Local\Temp\scoped_dir15500_1090935282}, takesHeapSnapshot=true, pageLoadStrategy=normal, strictFileInteractability=false, databaseEnabled=false, handlesAlerts=true, version=108.0.5359.125, browserConnectionEnabled=false, proxy={}, nativeEvents=true, locationContextEnabled=true, cssSelectorsEnabled=true, webauthn:virtualAuthenticators=true}]
Session ID: 8626d0e8136d67058ae9d6379e3eb3f7
	at org.openqa.selenium.remote.ErrorHandler.createThrowable(ErrorHandler.java:204)
	at org.openqa.selenium.remote.ErrorHandler.throwIfResponseFailed(ErrorHandler.java:156)
	at org.openqa.selenium.remote.RemoteWebDriver.execute(RemoteWebDriver.java:599)
	at org.openqa.selenium.remote.RemoteWebDriver.findElement(RemoteWebDriver.java:352)
	at org.openqa.selenium.remote.RemoteWebDriver.findElementByCssSelector(RemoteWebDriver.java:441)
	at org.openqa.selenium.By$ByCssSelector.findElement(By.java:425)
	at org.openqa.selenium.remote.RemoteWebDriver.findElement(RemoteWebDriver.java:344)
	at com.mycompany.testmavin.TestMavinIT.testSelectEmployeeStatusAndSearch(TestMavinIT.java:130)
... Removed 29 stack frames</div></td></tr></table><p class="totop"><a href="#summary">back to summary</a></p><h3 id="m4">com.mycompany.testmavin.TestMavinIT#testSignOut</h3><table class="result"><tr class="param"><th>Parameter #1</th><th>Parameter #2</th></tr><tr class="param stripe"><td>oxd-userdropdown-tab</td><td>//ul[@role=&apos;menu&apos;]/li[4]</td></tr><tr><th colspan="2">Exception</th></tr><tr><td colspan="2"><div class="stacktrace">org.openqa.selenium.NoSuchElementException: no such element: Unable to locate element: {&quot;method&quot;:&quot;class name&quot;,&quot;selector&quot;:&quot;oxd-userdropdown-tab&quot;}
  (Session info: chrome=108.0.5359.125)
  (Driver info: chromedriver=108.0.5359.71 (1e0e3868ee06e91ad636a874420e3ca3ae3756ac-refs/branch-heads/5359@{#1016}),platform=Windows NT 10.0.22621 x86_64) (WARNING: The server did not provide any stacktrace information)
Command duration or timeout: 20 milliseconds
For documentation on this error, please visit: http://seleniumhq.org/exceptions/no_such_element.html
Build info: version: &apos;2.44.0&apos;, revision: &apos;76d78cf323ce037c5f92db6c1bba601c2ac43ad8&apos;, time: &apos;2014-10-23 13:11:40&apos;
System info: host: &apos;DESKTOP-MM4I4GD&apos;, ip: &apos;192.168.1.17&apos;, os.name: &apos;Windows 11&apos;, os.arch: &apos;amd64&apos;, os.version: &apos;10.0&apos;, java.version: &apos;17.0.5&apos;
Driver info: org.openqa.selenium.chrome.ChromeDriver
Capabilities [{mobileEmulationEnabled=false, timeouts={implicit=0, pageLoad=300000, script=30000}, hasTouchScreen=false, platform=XP, acceptSslCerts=false, goog:chromeOptions={debuggerAddress=localhost:12342}, webauthn:extension:credBlob=true, acceptInsecureCerts=false, webStorageEnabled=true, browserName=chrome, takesScreenshot=true, javascriptEnabled=true, setWindowRect=true, webauthn:extension:largeBlob=true, unexpectedAlertBehaviour=ignore, rotatable=false, networkConnectionEnabled=false, chrome={chromedriverVersion=108.0.5359.71 (1e0e3868ee06e91ad636a874420e3ca3ae3756ac-refs/branch-heads/5359@{#1016}), userDataDir=C:\Users\Abdel\AppData\Local\Temp\scoped_dir15500_1090935282}, takesHeapSnapshot=true, pageLoadStrategy=normal, strictFileInteractability=false, databaseEnabled=false, handlesAlerts=true, version=108.0.5359.125, browserConnectionEnabled=false, proxy={}, nativeEvents=true, locationContextEnabled=true, cssSelectorsEnabled=true, webauthn:virtualAuthenticators=true}]
Session ID: 8626d0e8136d67058ae9d6379e3eb3f7
	at org.openqa.selenium.remote.ErrorHandler.createThrowable(ErrorHandler.java:204)
	at org.openqa.selenium.remote.ErrorHandler.throwIfResponseFailed(ErrorHandler.java:156)
	at org.openqa.selenium.remote.RemoteWebDriver.execute(RemoteWebDriver.java:599)
	at org.openqa.selenium.remote.RemoteWebDriver.findElement(RemoteWebDriver.java:352)
	at org.openqa.selenium.remote.RemoteWebDriver.findElementByClassName(RemoteWebDriver.java:433)
	at org.openqa.selenium.By$ByClassName.findElement(By.java:387)
	at org.openqa.selenium.remote.RemoteWebDriver.findElement(RemoteWebDriver.java:344)
	at com.mycompany.testmavin.TestMavinIT.testSignOut(TestMavinIT.java:75)
... Removed 29 stack frames</div></td></tr></table><p class="totop"><a href="#summary">back to summary</a></p><h3 id="m5">com.mycompany.testmavin.TestMavinIT#testTabs</h3><table class="result"><tr class="param"><th>Parameter #1</th><th>Parameter #2</th><th>Parameter #3</th><th>Parameter #4</th><th>Parameter #5</th><th>Parameter #6</th><th>Parameter #7</th><th>Parameter #8</th><th>Parameter #9</th><th>Parameter #10</th><th>Parameter #11</th><th>Parameter #12</th><th>Parameter #13</th><th>Parameter #14</th><th>Parameter #15</th><th>Parameter #16</th><th>Parameter #17</th><th>Parameter #18</th><th>Parameter #19</th><th>Parameter #20</th><th>Parameter #21</th><th>Parameter #22</th><th>Parameter #23</th><th>Parameter #24</th><th>Parameter #25</th><th>Parameter #26</th></tr><tr class="param stripe"><td>.oxd-main-menu-item[href=&apos;/web/index.php/admin/viewAdminModule&apos;]</td><td>oxd-topbar-header-breadcrumb-level</td><td>User Management</td><td>.oxd-main-menu-item[href=&apos;/web/index.php/pim/viewPimModule&apos;]</td><td>oxd-topbar-header-breadcrumb-module</td><td>PIM</td><td>.oxd-main-menu-item[href=&apos;/web/index.php/leave/viewLeaveModule&apos;]</td><td>Leave</td><td>.oxd-main-menu-item[href=&apos;/web/index.php/time/viewTimeModule&apos;]</td><td>Time</td><td>.oxd-main-menu-item[href=&apos;/web/index.php/recruitment/viewRecruitmentModule&apos;]</td><td>Recruitment</td><td>.oxd-main-menu-item[href=&apos;/web/index.php/pim/viewMyDetails&apos;]</td><td>orangehrm-main-title</td><td>Personal Details</td><td>.oxd-main-menu-item[href=&apos;/web/index.php/performance/viewPerformanceModule&apos;]</td><td>Performance</td><td>.oxd-main-menu-item[href=&apos;/web/index.php/dashboard/index&apos;]</td><td>Dashboard</td><td>.oxd-main-menu-item[href=&apos;/web/index.php/directory/viewDirectory&apos;]</td><td>Directory</td><td>.oxd-main-menu-item[href=&apos;/web/index.php/maintenance/viewMaintenanceModule&apos;]</td><td>orangehrm-admin-access-title</td><td>Administrator Access</td><td>.oxd-main-menu-item[href=&apos;/web/index.php/buzz/viewBuzz&apos;]</td><td>Buzz</td></tr><tr><th colspan="26">Exception</th></tr><tr><td colspan="26"><div class="stacktrace">org.openqa.selenium.NoSuchElementException: no such element: Unable to locate element: {&quot;method&quot;:&quot;css selector&quot;,&quot;selector&quot;:&quot;.oxd-main-menu-item[href=&apos;/web/index.php/buzz/viewBuzz&apos;]&quot;}
  (Session info: chrome=108.0.5359.125)
  (Driver info: chromedriver=108.0.5359.71 (1e0e3868ee06e91ad636a874420e3ca3ae3756ac-refs/branch-heads/5359@{#1016}),platform=Windows NT 10.0.22621 x86_64) (WARNING: The server did not provide any stacktrace information)
Command duration or timeout: 3 milliseconds
For documentation on this error, please visit: http://seleniumhq.org/exceptions/no_such_element.html
Build info: version: &apos;2.44.0&apos;, revision: &apos;76d78cf323ce037c5f92db6c1bba601c2ac43ad8&apos;, time: &apos;2014-10-23 13:11:40&apos;
System info: host: &apos;DESKTOP-MM4I4GD&apos;, ip: &apos;192.168.1.17&apos;, os.name: &apos;Windows 11&apos;, os.arch: &apos;amd64&apos;, os.version: &apos;10.0&apos;, java.version: &apos;17.0.5&apos;
Driver info: org.openqa.selenium.chrome.ChromeDriver
Capabilities [{mobileEmulationEnabled=false, timeouts={implicit=0, pageLoad=300000, script=30000}, hasTouchScreen=false, platform=XP, acceptSslCerts=false, goog:chromeOptions={debuggerAddress=localhost:12342}, webauthn:extension:credBlob=true, acceptInsecureCerts=false, webStorageEnabled=true, browserName=chrome, takesScreenshot=true, javascriptEnabled=true, setWindowRect=true, webauthn:extension:largeBlob=true, unexpectedAlertBehaviour=ignore, rotatable=false, networkConnectionEnabled=false, chrome={chromedriverVersion=108.0.5359.71 (1e0e3868ee06e91ad636a874420e3ca3ae3756ac-refs/branch-heads/5359@{#1016}), userDataDir=C:\Users\Abdel\AppData\Local\Temp\scoped_dir15500_1090935282}, takesHeapSnapshot=true, pageLoadStrategy=normal, strictFileInteractability=false, databaseEnabled=false, handlesAlerts=true, version=108.0.5359.125, browserConnectionEnabled=false, proxy={}, nativeEvents=true, locationContextEnabled=true, cssSelectorsEnabled=true, webauthn:virtualAuthenticators=true}]
Session ID: 8626d0e8136d67058ae9d6379e3eb3f7
	at org.openqa.selenium.remote.ErrorHandler.createThrowable(ErrorHandler.java:204)
	at org.openqa.selenium.remote.ErrorHandler.throwIfResponseFailed(ErrorHandler.java:156)
	at org.openqa.selenium.remote.RemoteWebDriver.execute(RemoteWebDriver.java:599)
	at org.openqa.selenium.remote.RemoteWebDriver.findElement(RemoteWebDriver.java:352)
	at org.openqa.selenium.remote.RemoteWebDriver.findElementByCssSelector(RemoteWebDriver.java:441)
	at org.openqa.selenium.By$ByCssSelector.findElement(By.java:425)
	at org.openqa.selenium.remote.RemoteWebDriver.findElement(RemoteWebDriver.java:344)
	at com.mycompany.testmavin.TestMavinIT.testTabs(TestMavinIT.java:233)
... Removed 29 stack frames</div></td></tr></table><p class="totop"><a href="#summary">back to summary</a></p><h3 id="m6">com.mycompany.testmavin.TestMavinIT#testOpenDrawer</h3><table class="result"><tr class="param"><th>Parameter #1</th></tr><tr class="param stripe"><td>bi-chevron-left</td></tr></table><p class="totop"><a href="#summary">back to summary</a></p></body></html>